{"level":"info","message":"Hello from Acquisitions API!","service":"user-service"}
{"level":"info","message":"::1 - - [20/Mar/2026:16:40:12 +0000] \"GET / HTTP/1.1\" 304 - \"-\" \"Mozilla/5.0 (Windows NT 10.0; Win64; x64) AppleWebKit/537.36 (KHTML, like Gecko) Chrome/146.0.0.0 Safari/537.36 Edg/146.0.0.0\"","service":"user-service"}
{"level":"info","message":"::1 - - [23/Mar/2026:04:54:12 +0000] \"POST /sign-up HTTP/1.1\" 404 147 \"-\" \"PostmanRuntime/7.51.1\"","service":"user-service"}
{"level":"error","service":"user-service"}
{"level":"info","message":"::1 - - [23/Mar/2026:04:54:39 +0000] \"POST /api/auth/sign-up HTTP/1.1\" 500 1340 \"-\" \"PostmanRuntime/7.51.1\"","service":"user-service"}
{"level":"error","service":"user-service"}
{"level":"info","message":"::1 - - [23/Mar/2026:04:58:06 +0000] \"POST /api/auth/sign-up HTTP/1.1\" 500 1408 \"-\" \"PostmanRuntime/7.51.1\"","service":"user-service"}
{"level":"error","service":"user-service"}
{"level":"info","message":"::1 - - [23/Mar/2026:05:01:17 +0000] \"POST /api/auth/sign-up HTTP/1.1\" 500 1408 \"-\" \"PostmanRuntime/7.51.1\"","service":"user-service"}
{"level":"error","service":"user-service"}
{"level":"info","message":"::1 - - [23/Mar/2026:05:01:22 +0000] \"POST /api/auth/sign-up HTTP/1.1\" 500 1408 \"-\" \"PostmanRuntime/7.51.1\"","service":"user-service"}
{"level":"error","service":"user-service"}
{"level":"info","message":"::1 - - [23/Mar/2026:05:01:58 +0000] \"POST /api/auth/sign-up HTTP/1.1\" 500 1408 \"-\" \"PostmanRuntime/7.51.1\"","service":"user-service"}
{"level":"error","service":"user-service"}
{"level":"info","message":"::1 - - [23/Mar/2026:05:02:47 +0000] \"POST /api/auth/sign-up HTTP/1.1\" 500 1408 \"-\" \"PostmanRuntime/7.52.0\"","service":"user-service"}
{"level":"info","message":"Hello from Acquisitions API!","service":"user-service"}
{"level":"info","message":"::1 - - [23/Mar/2026:05:29:34 +0000] \"GET / HTTP/1.1\" 304 - \"-\" \"Mozilla/5.0 (Windows NT 10.0; Win64; x64) AppleWebKit/537.36 (KHTML, like Gecko) Chrome/146.0.0.0 Safari/537.36 Edg/146.0.0.0\"","service":"user-service"}
{"level":"info","message":"::1 - - [23/Mar/2026:05:29:34 +0000] \"GET /favicon.ico HTTP/1.1\" 404 150 \"-\" \"Mozilla/5.0 (Windows NT 10.0; Win64; x64) AppleWebKit/537.36 (KHTML, like Gecko) Chrome/146.0.0.0 Safari/537.36 Edg/146.0.0.0\"","service":"user-service"}
{"level":"info","message":"::1 - - [23/Mar/2026:05:29:45 +0000] \"POST /api/auth/sign-up HTTP/1.1\" 400 143 \"-\" \"PostmanRuntime/7.52.0\"","service":"user-service"}
{"level":"info","message":"::1 - - [23/Mar/2026:05:32:03 +0000] \"POST /api/auth/sign-up HTTP/1.1\" 400 91 \"-\" \"PostmanRuntime/7.52.0\"","service":"user-service"}
{"level":"info","message":"::1 - - [23/Mar/2026:05:33:29 +0000] \"POST /api/auth/sign-up HTTP/1.1\" 400 91 \"-\" \"PostmanRuntime/7.52.0\"","service":"user-service"}
{"level":"info","message":"::1 - - [23/Mar/2026:05:33:43 +0000] \"POST /api/auth/sign-up HTTP/1.1\" 400 91 \"-\" \"PostmanRuntime/7.52.0\"","service":"user-service"}
{"level":"info","message":"::1 - - [23/Mar/2026:05:47:03 +0000] \"POST /api/auth/sign-up HTTP/1.1\" 400 91 \"-\" \"PostmanRuntime/7.52.0\"","service":"user-service"}
{"level":"info","message":"::1 - - [23/Mar/2026:05:49:51 +0000] \"POST /api/auth/sign-up HTTP/1.1\" 400 91 \"-\" \"PostmanRuntime/7.52.0\"","service":"user-service"}
{"level":"info","message":"::1 - - [23/Mar/2026:05:50:37 +0000] \"POST /api/auth/sign-up HTTP/1.1\" 400 91 \"-\" \"PostmanRuntime/7.52.0\"","service":"user-service"}
{"level":"info","message":"::1 - - [23/Mar/2026:05:51:57 +0000] \"POST /api/auth/sign-up HTTP/1.1\" 400 90 \"-\" \"PostmanRuntime/7.52.0\"","service":"user-service"}
{"level":"info","message":"User registered successfully with name sanjay with email sanjusanjay06406@gmail.com","service":"user-service"}
{"level":"info","message":"::1 - - [23/Mar/2026:05:52:05 +0000] \"POST /api/auth/sign-up HTTP/1.1\" 201 125 \"-\" \"PostmanRuntime/7.52.0\"","service":"user-service"}
{"level":"error","message":"Error creating user: ReferenceError: users is not defined","service":"user-service"}
{"level":"error","service":"user-service"}
{"level":"info","message":"::1 - - [23/Mar/2026:08:15:59 +0000] \"POST /api/auth/sign-up HTTP/1.1\" 500 1329 \"-\" \"PostmanRuntime/7.52.0\"","service":"user-service"}
{"level":"error","message":"Error creating user: ReferenceError: users is not defined","service":"user-service"}
{"level":"error","service":"user-service"}
{"level":"info","message":"::1 - - [23/Mar/2026:08:17:00 +0000] \"POST /api/auth/sign-up HTTP/1.1\" 500 1329 \"-\" \"PostmanRuntime/7.52.0\"","service":"user-service"}
{"level":"error","message":"Error creating user: ReferenceError: eq is not defined","service":"user-service"}
{"level":"error","service":"user-service"}
{"level":"info","message":"::1 - - [23/Mar/2026:08:22:03 +0000] \"POST /api/auth/sign-up HTTP/1.1\" 500 1329 \"-\" \"PostmanRuntime/7.52.0\"","service":"user-service"}
{"level":"error","message":"Error creating user: ReferenceError: eq is not defined","service":"user-service"}
{"level":"error","service":"user-service"}
{"level":"info","message":"::1 - - [23/Mar/2026:08:22:07 +0000] \"POST /api/auth/sign-up HTTP/1.1\" 500 1329 \"-\" \"PostmanRuntime/7.52.0\"","service":"user-service"}
{"level":"info","message":"User created with email: sanjusanjay06406@gmail.com","service":"user-service"}
{"level":"error","service":"user-service"}
{"level":"info","message":"::1 - - [23/Mar/2026:08:23:18 +0000] \"POST /api/auth/sign-up HTTP/1.1\" 500 384 \"-\" \"PostmanRuntime/7.52.0\"","service":"user-service"}
{"level":"error","message":"Error creating user: Error: User already exists","service":"user-service"}
{"level":"error","service":"user-service"}
{"level":"info","message":"::1 - - [23/Mar/2026:08:24:38 +0000] \"POST /api/auth/sign-up HTTP/1.1\" 500 501 \"-\" \"PostmanRuntime/7.52.0\"","service":"user-service"}
{"level":"info","message":"Hello from Acquisitions API!","service":"user-service"}
{"level":"info","message":"::1 - - [23/Mar/2026:08:25:37 +0000] \"GET / HTTP/1.1\" 304 - \"-\" \"Mozilla/5.0 (Windows NT 10.0; Win64; x64) AppleWebKit/537.36 (KHTML, like Gecko) Chrome/146.0.0.0 Safari/537.36 Edg/146.0.0.0\"","service":"user-service"}
{"level":"info","message":"::1 - - [23/Mar/2026:08:25:37 +0000] \"GET /favicon.ico HTTP/1.1\" 404 150 \"-\" \"Mozilla/5.0 (Windows NT 10.0; Win64; x64) AppleWebKit/537.36 (KHTML, like Gecko) Chrome/146.0.0.0 Safari/537.36 Edg/146.0.0.0\"","service":"user-service"}
{"level":"error","message":"Error creating user: Error: User already exists","service":"user-service"}
{"level":"error","service":"user-service"}
{"level":"info","message":"::1 - - [23/Mar/2026:08:27:08 +0000] \"POST /api/auth/sign-up HTTP/1.1\" 500 501 \"-\" \"PostmanRuntime/7.52.0\"","service":"user-service"}
{"level":"info","message":"User created with email: aashikhidayth@gmail.com","service":"user-service"}
{"level":"info","message":"User registered successfully with name ashik with email aashikhidayth@gmail.com","service":"user-service"}
{"level":"info","message":"::1 - - [23/Mar/2026:08:27:36 +0000] \"POST /api/auth/sign-up HTTP/1.1\" 201 121 \"-\" \"PostmanRuntime/7.52.0\"","service":"user-service"}
